make --dry-run --always-make --keep-going --print-directory
make: Entering directory `/Users/hyunkkim/mirror_dimension/tidy_up/total'
make -C ./Libft/ all
gcc -Wall -Wextra -Werror -I ./Libft -c ft_printf.c -o ft_printf.o
gcc -Wall -Wextra -Werror -I ./Libft -c ft_is.c -o ft_is.o
gcc -Wall -Wextra -Werror -I ./Libft -c ft_addrtoa.c -o ft_addrtoa.o
gcc -Wall -Wextra -Werror -I ./Libft -c ft_uns_itoa.c -o ft_uns_itoa.o
gcc -Wall -Wextra -Werror -I ./Libft -c ft_utils_str.c -o ft_utils_str.o
gcc -Wall -Wextra -Werror -I ./Libft -c ft_parce_tree.c -o ft_parce_tree.o
gcc -Wall -Wextra -Werror -I ./Libft -c ft_get_func.c -o ft_get_func.o
gcc -Wall -Wextra -Werror -I ./Libft -c ft_write_addr.c -o ft_write_addr.o
gcc -Wall -Wextra -Werror -I ./Libft -c ft_write_char.c -o ft_write_char.o
gcc -Wall -Wextra -Werror -I ./Libft -c ft_write_digit.c -o ft_write_digit.o
gcc -Wall -Wextra -Werror -I ./Libft -c ft_write_hex_lo.c -o ft_write_hex_lo.o
gcc -Wall -Wextra -Werror -I ./Libft -c ft_write_hex_up.c -o ft_write_hex_up.o
gcc -Wall -Wextra -Werror -I ./Libft -c ft_write_percent.c -o ft_write_percent.o
gcc -Wall -Wextra -Werror -I ./Libft -c ft_write_str.c -o ft_write_str.o
gcc -Wall -Wextra -Werror -I ./Libft -c ft_write_uns_int.c -o ft_write_uns_int.o
gcc -Wall -Wextra -Werror -I ./Libft -c ft_printf_bonus.c -o ft_printf_bonus.o
gcc -Wall -Wextra -Werror -I ./Libft -c ft_is_bonus.c -o ft_is_bonus.o
gcc -Wall -Wextra -Werror -I ./Libft -c ft_addrtoa_bonus.c -o ft_addrtoa_bonus.o
gcc -Wall -Wextra -Werror -I ./Libft -c ft_abs_itoa_bonus.c -o ft_abs_itoa_bonus.o
gcc -Wall -Wextra -Werror -I ./Libft -c ft_uns_itoa_bonus.c -o ft_uns_itoa_bonus.o
gcc -Wall -Wextra -Werror -I ./Libft -c ft_utils_str_bonus.c -o ft_utils_str_bonus.o
gcc -Wall -Wextra -Werror -I ./Libft -c ft_utils_flag_bonus.c -o ft_utils_flag_bonus.o
gcc -Wall -Wextra -Werror -I ./Libft -c ft_utils_width_bonus.c -o ft_utils_width_bonus.o
gcc -Wall -Wextra -Werror -I ./Libft -c ft_utils_precision_bonus.c -o ft_utils_precision_bonus.o
gcc -Wall -Wextra -Werror -I ./Libft -c ft_parce_tree_bonus.c -o ft_parce_tree_bonus.o
gcc -Wall -Wextra -Werror -I ./Libft -c ft_get_func_bonus.c -o ft_get_func_bonus.o
gcc -Wall -Wextra -Werror -I ./Libft -c ft_write_addr_bonus.c -o ft_write_addr_bonus.o
gcc -Wall -Wextra -Werror -I ./Libft -c ft_write_char_bonus.c -o ft_write_char_bonus.o
gcc -Wall -Wextra -Werror -I ./Libft -c ft_write_digit_bonus.c -o ft_write_digit_bonus.o
gcc -Wall -Wextra -Werror -I ./Libft -c ft_write_hex_lo_bonus.c -o ft_write_hex_lo_bonus.o
gcc -Wall -Wextra -Werror -I ./Libft -c ft_write_hex_up_bonus.c -o ft_write_hex_up_bonus.o
gcc -Wall -Wextra -Werror -I ./Libft -c ft_write_percent_bonus.c -o ft_write_percent_bonus.o
gcc -Wall -Wextra -Werror -I ./Libft -c ft_write_str_bonus.c -o ft_write_str_bonus.o
gcc -Wall -Wextra -Werror -I ./Libft -c ft_write_uns_int_bonus.c -o ft_write_uns_int_bonus.o
cp ./Libft/libft.a libftprintf.a
ar rcs libftprintf.a ft_printf.o ft_is.o ft_addrtoa.o ft_uns_itoa.o ft_utils_str.o ft_parce_tree.o ft_get_func.o ft_write_addr.o ft_write_char.o ft_write_digit.o ft_write_hex_lo.o ft_write_hex_up.o ft_write_percent.o ft_write_str.o ft_write_uns_int.o ft_printf_bonus.o ft_is_bonus.o ft_addrtoa_bonus.o ft_abs_itoa_bonus.o ft_uns_itoa_bonus.o ft_utils_str_bonus.o ft_utils_flag_bonus.o ft_utils_width_bonus.o ft_utils_precision_bonus.o ft_parce_tree_bonus.o ft_get_func_bonus.o ft_write_addr_bonus.o ft_write_char_bonus.o ft_write_digit_bonus.o ft_write_hex_lo_bonus.o ft_write_hex_up_bonus.o ft_write_percent_bonus.o ft_write_str_bonus.o ft_write_uns_int_bonus.o
make: Leaving directory `/Users/hyunkkim/mirror_dimension/tidy_up/total'
 
